0 info it worked if it ends with ok
1 verbose cli [ '/usr/local/bin/node',
1 verbose cli   '/usr/local/bin/npm',
1 verbose cli   'install',
1 verbose cli   'leaflet.TileLayer.WMTA',
1 verbose cli   '--save' ]
2 info using npm@3.3.6
3 info using node@v5.0.0
4 silly loadCurrentTree Starting
5 silly install loadCurrentTree
6 silly install readLocalPackageData
7 silly fetchPackageMetaData leaflet.TileLayer.WMTA
8 silly fetchNamedPackageData leaflet.TileLayer.WMTA
9 silly mapToRegistry name leaflet.TileLayer.WMTA
10 silly mapToRegistry using default registry
11 silly mapToRegistry registry https://registry.npmjs.org/
12 silly mapToRegistry uri https://registry.npmjs.org/leaflet.TileLayer.WMTA
13 verbose request uri https://registry.npmjs.org/leaflet.TileLayer.WMTA
14 verbose request no auth needed
15 info attempt registry request try #1 at 3:21:45 PM
16 verbose request using bearer token for auth
17 verbose request id ddbbf5bce3ba81cb
18 http request GET https://registry.npmjs.org/leaflet.TileLayer.WMTA
19 http 404 https://registry.npmjs.org/leaflet.TileLayer.WMTA
20 verbose headers { 'content-type': 'application/json',
20 verbose headers   'cache-control': 'max-age=0',
20 verbose headers   'content-length': '2',
20 verbose headers   'accept-ranges': 'bytes',
20 verbose headers   date: 'Fri, 20 Apr 2018 13:21:54 GMT',
20 verbose headers   via: '1.1 varnish',
20 verbose headers   connection: 'keep-alive',
20 verbose headers   'x-served-by': 'cache-bma7023-BMA',
20 verbose headers   'x-cache': 'MISS',
20 verbose headers   'x-cache-hits': '0',
20 verbose headers   'x-timer': 'S1524230505.314368,VS0,VE8825',
20 verbose headers   vary: 'Accept-Encoding' }
21 silly get cb [ 404,
21 silly get   { 'content-type': 'application/json',
21 silly get     'cache-control': 'max-age=0',
21 silly get     'content-length': '2',
21 silly get     'accept-ranges': 'bytes',
21 silly get     date: 'Fri, 20 Apr 2018 13:21:54 GMT',
21 silly get     via: '1.1 varnish',
21 silly get     connection: 'keep-alive',
21 silly get     'x-served-by': 'cache-bma7023-BMA',
21 silly get     'x-cache': 'MISS',
21 silly get     'x-cache-hits': '0',
21 silly get     'x-timer': 'S1524230505.314368,VS0,VE8825',
21 silly get     vary: 'Accept-Encoding' } ]
22 silly fetchPackageMetaData Error: Registry returned 404 for GET on https://registry.npmjs.org/leaflet.TileLayer.WMTA
22 silly fetchPackageMetaData     at makeError (/usr/local/lib/node_modules/npm/node_modules/npm-registry-client/lib/request.js:264:12)
22 silly fetchPackageMetaData     at CachingRegistryClient.<anonymous> (/usr/local/lib/node_modules/npm/node_modules/npm-registry-client/lib/request.js:242:14)
22 silly fetchPackageMetaData     at Request._callback (/usr/local/lib/node_modules/npm/node_modules/npm-registry-client/lib/request.js:172:14)
22 silly fetchPackageMetaData     at Request.self.callback (/usr/local/lib/node_modules/npm/node_modules/request/request.js:198:22)
22 silly fetchPackageMetaData     at emitTwo (events.js:87:13)
22 silly fetchPackageMetaData     at Request.emit (events.js:172:7)
22 silly fetchPackageMetaData     at Request.<anonymous> (/usr/local/lib/node_modules/npm/node_modules/request/request.js:1063:14)
22 silly fetchPackageMetaData     at emitOne (events.js:82:20)
22 silly fetchPackageMetaData     at Request.emit (events.js:169:7)
22 silly fetchPackageMetaData     at IncomingMessage.<anonymous> (/usr/local/lib/node_modules/npm/node_modules/request/request.js:1009:12)
22 silly fetchPackageMetaData  error for leaflet.TileLayer.WMTA { [Error: Registry returned 404 for GET on https://registry.npmjs.org/leaflet.TileLayer.WMTA]
22 silly fetchPackageMetaData   pkgid: 'leaflet.TileLayer.WMTA',
22 silly fetchPackageMetaData   statusCode: 404,
22 silly fetchPackageMetaData   code: 'E404' }
23 silly rollbackFailedOptional Starting
24 silly rollbackFailedOptional Finishing
25 silly runTopLevelLifecycles Starting
26 silly runTopLevelLifecycles Finishing
27 silly install printInstalled
28 verbose stack Error: Registry returned 404 for GET on https://registry.npmjs.org/leaflet.TileLayer.WMTA
28 verbose stack     at makeError (/usr/local/lib/node_modules/npm/node_modules/npm-registry-client/lib/request.js:264:12)
28 verbose stack     at CachingRegistryClient.<anonymous> (/usr/local/lib/node_modules/npm/node_modules/npm-registry-client/lib/request.js:242:14)
28 verbose stack     at Request._callback (/usr/local/lib/node_modules/npm/node_modules/npm-registry-client/lib/request.js:172:14)
28 verbose stack     at Request.self.callback (/usr/local/lib/node_modules/npm/node_modules/request/request.js:198:22)
28 verbose stack     at emitTwo (events.js:87:13)
28 verbose stack     at Request.emit (events.js:172:7)
28 verbose stack     at Request.<anonymous> (/usr/local/lib/node_modules/npm/node_modules/request/request.js:1063:14)
28 verbose stack     at emitOne (events.js:82:20)
28 verbose stack     at Request.emit (events.js:169:7)
28 verbose stack     at IncomingMessage.<anonymous> (/usr/local/lib/node_modules/npm/node_modules/request/request.js:1009:12)
29 verbose statusCode 404
30 verbose pkgid leaflet.TileLayer.WMTA
31 verbose cwd /home/siri/projects/map_polar_leaflet
32 error Linux 3.13.0-24-generic
33 error argv "/usr/local/bin/node" "/usr/local/bin/npm" "install" "leaflet.TileLayer.WMTA" "--save"
34 error node v5.0.0
35 error npm  v3.3.6
36 error code E404
37 error 404 Registry returned 404 for GET on https://registry.npmjs.org/leaflet.TileLayer.WMTA
37 error 404
37 error 404 'leaflet.TileLayer.WMTA' is not in the npm registry.
37 error 404 Your package name is not valid, because
37 error 404
37 error 404  1. name can no longer contain capital letters
37 error 404
37 error 404 Note that you can also install from a
37 error 404 tarball, folder, http url, or git url.
38 verbose exit [ 1, true ]
